<?xml version="1.0" encoding="UTF-8"?>
<!-- Generated by org.testng.reporters.JUnitReportReporter -->
<testsuite hostname="DESKTOP-TJLF2D8" failures="0" tests="1" name="score.mobileAutomation.AppTest" time="0.014" errors="0" timestamp="2024-03-10T15:34:19 GMT-04:00" skipped="0">
  <testcase classname="score.mobileAutomation.AppTest" name="shouldAnswerWithTrue" time="0.014"/>
</testsuite> <!-- score.mobileAutomation.AppTest -->
